<?xml version="1.0" encoding="UTF-8"?>
<testng-results ignored="0" total="2" passed="2" failed="0" skipped="0">
  <reporter-output>
  </reporter-output>
  <suite started-at="2023-12-02T17:56:44 IST" name="ExtentReports" finished-at="2023-12-02T17:56:58 IST" duration-ms="14093">
    <groups>
    </groups>
    <test started-at="2023-12-02T17:56:44 IST" name="loginData" finished-at="2023-12-02T17:56:58 IST" duration-ms="14093">
      <class name="tests.LoginTest">
        <test-method is-config="true" signature="InitalizeExtentReport()[pri:0, instance:tests.LoginTest@16eb3ea3]" started-at="2023-12-02T17:56:44 IST" name="InitalizeExtentReport" finished-at="2023-12-02T17:56:44 IST" duration-ms="609" status="PASS">
          <reporter-output>
          </reporter-output>
        </test-method> <!-- InitalizeExtentReport -->
        <test-method is-config="true" signature="getBrowser(org.testng.ITestContext)[pri:0, instance:tests.LoginTest@16eb3ea3]" started-at="2023-12-02T17:56:44 IST" name="getBrowser" finished-at="2023-12-02T17:56:52 IST" duration-ms="7815" status="PASS">
          <params>
            <param index="0">
              <value>
                <![CDATA[org.testng.TestRunner@93501be]]>
              </value>
            </param>
          </params>
          <reporter-output>
          </reporter-output>
        </test-method> <!-- getBrowser -->
        <test-method signature="testLogin(java.lang.String,java.lang.String)[pri:0, instance:tests.LoginTest@16eb3ea3]" started-at="2023-12-02T17:56:53 IST" name="testLogin" data-provider="loginData" finished-at="2023-12-02T17:56:55 IST" duration-ms="2519" status="PASS">
          <params>
            <param index="0">
              <value>
                <![CDATA[sk9@gmail.com]]>
              </value>
            </param>
            <param index="1">
              <value>
                <![CDATA[adminn]]>
              </value>
            </param>
          </params>
          <reporter-output>
          </reporter-output>
        </test-method> <!-- testLogin -->
        <test-method is-config="true" signature="generateTestStatus(java.lang.reflect.Method,org.testng.ITestResult)[pri:0, instance:tests.LoginTest@16eb3ea3]" started-at="2023-12-02T17:56:55 IST" name="generateTestStatus" finished-at="2023-12-02T17:56:55 IST" duration-ms="13" status="PASS">
          <params>
            <param index="0">
              <value>
                <![CDATA[public void tests.LoginTest.testLogin(java.lang.String,java.lang.String) throws java.io.IOException]]>
              </value>
            </param>
            <param index="1">
              <value>
                <![CDATA[[TestResult name=testLogin status=SUCCESS method=LoginTest.testLogin(java.lang.String,java.lang.String)[pri:0, instance:tests.LoginTest@16eb3ea3] output={null}]]]>
              </value>
            </param>
          </params>
          <reporter-output>
          </reporter-output>
        </test-method> <!-- generateTestStatus -->
        <test-method signature="testLogin(java.lang.String,java.lang.String)[pri:0, instance:tests.LoginTest@16eb3ea3]" started-at="2023-12-02T17:56:55 IST" name="testLogin" data-provider="loginData" finished-at="2023-12-02T17:56:58 IST" duration-ms="2471" status="PASS">
          <params>
            <param index="0">
              <value>
                <![CDATA[sk100@gmail.com]]>
              </value>
            </param>
            <param index="1">
              <value>
                <![CDATA[admins]]>
              </value>
            </param>
          </params>
          <reporter-output>
          </reporter-output>
        </test-method> <!-- testLogin -->
        <test-method is-config="true" signature="generateTestStatus(java.lang.reflect.Method,org.testng.ITestResult)[pri:0, instance:tests.LoginTest@16eb3ea3]" started-at="2023-12-02T17:56:58 IST" name="generateTestStatus" finished-at="2023-12-02T17:56:58 IST" duration-ms="5" status="PASS">
          <params>
            <param index="0">
              <value>
                <![CDATA[public void tests.LoginTest.testLogin(java.lang.String,java.lang.String) throws java.io.IOException]]>
              </value>
            </param>
            <param index="1">
              <value>
                <![CDATA[[TestResult name=testLogin status=SUCCESS method=LoginTest.testLogin(java.lang.String,java.lang.String)[pri:0, instance:tests.LoginTest@16eb3ea3] output={null}]]]>
              </value>
            </param>
          </params>
          <reporter-output>
          </reporter-output>
        </test-method> <!-- generateTestStatus -->
        <test-method is-config="true" signature="closebrowser()[pri:0, instance:tests.LoginTest@16eb3ea3]" started-at="2023-12-02T17:56:58 IST" name="closebrowser" finished-at="2023-12-02T17:56:58 IST" duration-ms="278" status="PASS">
          <reporter-output>
          </reporter-output>
        </test-method> <!-- closebrowser -->
        <test-method is-config="true" signature="generateReports()[pri:0, instance:tests.LoginTest@16eb3ea3]" started-at="2023-12-02T17:56:58 IST" name="generateReports" finished-at="2023-12-02T17:57:00 IST" duration-ms="1302" status="PASS">
          <reporter-output>
          </reporter-output>
        </test-method> <!-- generateReports -->
      </class> <!-- tests.LoginTest -->
    </test> <!-- loginData -->
  </suite> <!-- ExtentReports -->
</testng-results>
